<?xml version="1.0" encoding="UTF-8"?>
<!-- Generated by org.testng.reporters.JUnitReportReporter -->
<testsuite hostname="cubet-Lenovo" failures="0" tests="5" name="blooms.Tests.Pharmacies" time="164.807" errors="0" timestamp="2024-09-13T11:49:49 IST" skipped="0">
  <testcase classname="blooms.Tests.Pharmacies" name="existingMailCheck" time="34.624"/>
  <system-out/>
  <testcase classname="blooms.Tests.Pharmacies" name="AddPharmacy" time="35.115"/>
  <system-out/>
  <testcase classname="blooms.Tests.Pharmacies" name="searchPharmacy" time="25.084"/>
  <system-out/>
  <testcase classname="blooms.Tests.Pharmacies" name="invalidEmailAlert" time="33.448"/>
  <system-out/>
  <testcase classname="blooms.Tests.Pharmacies" name="invalidPhoneAlert" time="36.536"/>
  <system-out/>
</testsuite> <!-- blooms.Tests.Pharmacies -->
