<?xml version="1.0" encoding="UTF-8"?>
<!-- Generated by org.testng.reporters.JUnitReportReporter -->
<testsuite hostname="cubet-Lenovo" failures="0" tests="6" name="blooms.Tests.Administration" time="175.507" errors="0" timestamp="2024-09-13T11:49:49 IST" skipped="0">
  <testcase classname="blooms.Tests.Administration" name="webeEditUser" time="22.528"/>
  <system-out/>
  <testcase classname="blooms.Tests.Administration" name="webAddDoctor" time="35.731"/>
  <system-out/>
  <testcase classname="blooms.Tests.Administration" name="webAddPatient" time="33.333"/>
  <system-out/>
  <testcase classname="blooms.Tests.Administration" name="searchWithInvalidKeyword" time="23.659"/>
  <system-out/>
  <testcase classname="blooms.Tests.Administration" name="webAddNurse" time="34.879"/>
  <system-out/>
  <testcase classname="blooms.Tests.Administration" name="webSearchUser" time="25.377"/>
  <system-out/>
</testsuite> <!-- blooms.Tests.Administration -->
