<?xml version="1.0" encoding="UTF-8"?>
<!-- Generated by org.testng.reporters.JUnitReportReporter -->
<testsuite hostname="cubet-Lenovo" failures="0" tests="5" name="blooms.Tests.Clinics" time="154.810" errors="0" timestamp="2024-09-13T11:49:49 IST" skipped="0">
  <testcase classname="blooms.Tests.Clinics" name="websearchClinic" time="25.024"/>
  <system-out/>
  <testcase classname="blooms.Tests.Clinics" name="webeditClinic" time="29.357"/>
  <system-out/>
  <testcase classname="blooms.Tests.Clinics" name="webdClinicAddition" time="30.205"/>
  <system-out/>
  <testcase classname="blooms.Tests.Clinics" name="webdeleteClinic" time="27.483"/>
  <system-out/>
  <testcase classname="blooms.Tests.Clinics" name="webpaginationCheck" time="42.741"/>
  <system-out/>
</testsuite> <!-- blooms.Tests.Clinics -->
