<?xml version="1.0" encoding="UTF-8"?>
<!-- Generated by org.testng.reporters.JUnitReportReporter -->
<testsuite hostname="cubet-Lenovo" failures="0" tests="2" name="blooms.Tests.PatientList" time="63.999" errors="0" timestamp="2024-09-13T11:49:49 IST" skipped="0">
  <testcase classname="blooms.Tests.PatientList" name="webReferMyPatient" time="33.936"/>
  <system-out/>
  <testcase classname="blooms.Tests.PatientList" name="swapthePages" time="30.063"/>
  <system-out/>
</testsuite> <!-- blooms.Tests.PatientList -->
