<?xml version="1.0" encoding="UTF-8"?>
<!-- Generated by org.testng.reporters.JUnitReportReporter -->
<testsuite hostname="cubet-Lenovo" failures="0" tests="1" name="blooms.Tests.Administration" time="125.786" errors="0" timestamp="2024-07-29T15:22:22 IST" skipped="0">
  <testcase classname="blooms.Tests.Administration" name="webAddDocotr" time="125.786"/>
  <system-out/>
</testsuite> <!-- blooms.Tests.Administration -->
